>> Start Training by GA ...
[2021-12-09 11:27:10] Start!
[2021-12-09 11:27:10] Epoch     0: Fit value = -1235.3104355087423, HistBest = -1235.3104355087423, Individual = [29, 13, 18, 14, 20, 28, 22, 4, 5, 26, 8, 9, 2, 6, 25, 19, 10, 24, 17, 23, 27, 3, 16, 21, 15, 7, 1, 12, 11, 0]
[2021-12-09 11:27:11] Epoch    25: Fit value = -937.0141928920881, HistBest = -935.0447995217406, Individual = [2, 16, 19, 13, 10, 25, 12, 7, 14, 22, 8, 5, 11, 15, 27, 20, 3, 24, 18, 6, 21, 1, 23, 28, 4, 29, 17, 26, 0, 9]
[2021-12-09 11:27:13] Epoch    50: Fit value = -884.9563730614856, HistBest = -884.9563730614856, Individual = [2, 24, 23, 17, 20, 29, 6, 15, 27, 3, 16, 9, 14, 10, 25, 13, 1, 21, 7, 12, 4, 11, 8, 5, 26, 0, 22, 28, 19, 18]
[2021-12-09 11:27:15] Epoch    75: Fit value = -884.9563730614856, HistBest = -884.9563730614856, Individual = [2, 24, 23, 17, 20, 29, 6, 15, 27, 3, 16, 9, 14, 10, 25, 13, 1, 21, 7, 12, 4, 11, 8, 5, 26, 0, 22, 28, 19, 18]
[2021-12-09 11:27:17] Epoch   100: Fit value = -894.7861636981825, HistBest = -861.8312008832472, Individual = [2, 24, 9, 17, 20, 29, 6, 15, 27, 3, 16, 23, 14, 10, 25, 13, 1, 21, 7, 12, 4, 11, 8, 5, 26, 0, 22, 28, 19, 18]
[2021-12-09 11:27:18] Epoch   125: Fit value = -846.8322479543413, HistBest = -846.8322479543413, Individual = [16, 24, 17, 15, 4, 23, 20, 2, 3, 18, 29, 9, 14, 10, 25, 13, 19, 27, 7, 12, 28, 11, 8, 5, 26, 0, 1, 21, 6, 22]
[2021-12-09 11:27:20] Epoch   150: Fit value = -846.502035621195, HistBest = -846.502035621195, Individual = [16, 24, 17, 15, 4, 23, 20, 2, 3, 18, 29, 9, 14, 10, 19, 13, 25, 21, 7, 12, 28, 11, 8, 5, 26, 0, 1, 22, 6, 27]
[2021-12-09 11:27:22] Epoch   175: Fit value = -846.502035621195, HistBest = -846.502035621195, Individual = [16, 24, 17, 15, 4, 23, 20, 2, 3, 18, 29, 9, 14, 10, 19, 13, 25, 21, 7, 12, 28, 11, 8, 5, 26, 0, 1, 22, 6, 27]
[2021-12-09 11:27:23] Epoch   200: Fit value = -827.6963085847918, HistBest = -738.7667161312312, Individual = [16, 24, 23, 15, 4, 6, 14, 2, 3, 18, 29, 9, 22, 17, 20, 28, 19, 13, 25, 10, 12, 11, 8, 5, 26, 0, 1, 7, 21, 27]
[2021-12-09 11:27:25] Epoch   225: Fit value = -738.7667161312312, HistBest = -738.7667161312312, Individual = [16, 24, 23, 15, 4, 6, 14, 2, 3, 18, 29, 9, 22, 17, 20, 28, 19, 13, 25, 10, 12, 11, 8, 5, 26, 0, 1, 7, 21, 27]
[2021-12-09 11:27:27] Epoch   250: Fit value = -735.5805503819654, HistBest = -735.5805503819654, Individual = [16, 24, 23, 15, 4, 28, 14, 2, 3, 18, 29, 9, 22, 17, 20, 6, 19, 13, 25, 10, 12, 11, 8, 5, 26, 0, 1, 7, 21, 27]
[2021-12-09 11:27:28] Epoch   275: Fit value = -717.2845914614679, HistBest = -705.0001070279127, Individual = [16, 18, 23, 15, 4, 28, 14, 2, 3, 24, 29, 9, 22, 17, 20, 6, 19, 13, 25, 10, 12, 11, 8, 5, 26, 0, 1, 7, 21, 27]
[2021-12-09 11:27:30] Epoch   300: Fit value = -822.826960659163, HistBest = -695.0125412565823, Individual = [14, 6, 29, 17, 22, 28, 23, 15, 4, 20, 2, 9, 3, 24, 16, 18, 19, 13, 25, 10, 12, 11, 8, 5, 26, 0, 1, 7, 21, 27]
[2021-12-09 11:27:32] Epoch   325: Fit value = -695.0125412565823, HistBest = -695.0125412565823, Individual = [14, 6, 29, 17, 22, 28, 23, 15, 4, 20, 2, 9, 3, 24, 16, 18, 19, 13, 25, 10, 12, 11, 8, 5, 26, 0, 1, 7, 21, 27]
[2021-12-09 11:27:33] Epoch   350: Fit value = -678.0452691850942, HistBest = -645.3336815306416, Individual = [9, 17, 29, 6, 22, 28, 23, 15, 4, 20, 2, 14, 3, 24, 16, 18, 19, 13, 25, 10, 12, 11, 8, 5, 26, 0, 1, 7, 21, 27]
[2021-12-09 11:27:35] Epoch   375: Fit value = -629.0028324335967, HistBest = -629.0028324335967, Individual = [9, 17, 29, 6, 22, 28, 23, 15, 27, 20, 2, 14, 3, 24, 16, 18, 19, 13, 25, 10, 12, 11, 8, 5, 26, 0, 1, 7, 21, 4]
[2021-12-09 11:27:37] Epoch   400: Fit value = -629.0028324335967, HistBest = -629.0028324335967, Individual = [9, 17, 29, 6, 22, 28, 23, 15, 27, 20, 2, 14, 3, 24, 16, 18, 19, 13, 25, 10, 12, 11, 8, 5, 26, 0, 1, 7, 21, 4]
[2021-12-09 11:27:38] Epoch   425: Fit value = -629.0028324335967, HistBest = -629.0028324335967, Individual = [9, 17, 29, 6, 22, 28, 23, 15, 27, 20, 2, 14, 3, 24, 16, 18, 19, 13, 25, 10, 12, 11, 8, 5, 26, 0, 1, 7, 21, 4]
[2021-12-09 11:27:40] Epoch   450: Fit value = -629.0028324335967, HistBest = -629.0028324335967, Individual = [9, 17, 29, 6, 22, 28, 23, 15, 27, 20, 2, 14, 3, 24, 16, 18, 19, 13, 25, 10, 12, 11, 8, 5, 26, 0, 1, 7, 21, 4]
[2021-12-09 11:27:42] Epoch   475: Fit value = -629.0028324335967, HistBest = -629.0028324335967, Individual = [9, 17, 29, 6, 22, 28, 23, 15, 27, 20, 2, 14, 3, 24, 16, 18, 19, 13, 25, 10, 12, 11, 8, 5, 26, 0, 1, 7, 21, 4]
[2021-12-09 11:27:43] Epoch   500: Fit value = -629.0028324335967, HistBest = -629.0028324335967, Individual = [9, 17, 29, 6, 22, 28, 23, 15, 27, 20, 2, 14, 3, 24, 16, 18, 19, 13, 25, 10, 12, 11, 8, 5, 26, 0, 1, 7, 21, 4]
[2021-12-09 11:27:45] Epoch   525: Fit value = -629.0028324335967, HistBest = -629.0028324335967, Individual = [9, 17, 29, 6, 22, 28, 23, 15, 27, 20, 2, 14, 3, 24, 16, 18, 19, 13, 25, 10, 12, 11, 8, 5, 26, 0, 1, 7, 21, 4]
[2021-12-09 11:27:47] Epoch   550: Fit value = -626.1615505655252, HistBest = -626.1615505655252, Individual = [9, 17, 29, 6, 22, 28, 23, 15, 20, 27, 2, 14, 3, 24, 16, 18, 19, 13, 25, 10, 12, 11, 8, 5, 26, 0, 1, 7, 21, 4]
[2021-12-09 11:27:49] Epoch   575: Fit value = -620.7110804416344, HistBest = -620.7110804416344, Individual = [9, 17, 29, 6, 22, 23, 28, 15, 20, 27, 2, 14, 3, 24, 16, 18, 19, 13, 25, 10, 12, 11, 8, 5, 26, 0, 1, 7, 21, 4]
[2021-12-09 11:27:50] Epoch   600: Fit value = -640.2929824548005, HistBest = -620.7110804416344, Individual = [9, 17, 29, 6, 22, 23, 28, 15, 20, 27, 2, 14, 3, 24, 16, 18, 19, 13, 25, 10, 12, 11, 8, 5, 26, 0, 1, 7, 21, 4]
[2021-12-09 11:27:52] Epoch   625: Fit value = -640.2929824548005, HistBest = -620.7110804416344, Individual = [9, 17, 29, 6, 22, 23, 28, 15, 20, 27, 2, 14, 3, 24, 16, 18, 19, 13, 25, 10, 12, 11, 8, 5, 26, 0, 1, 7, 21, 4]
[2021-12-09 11:27:54] Epoch   650: Fit value = -620.7110804416344, HistBest = -620.7110804416344, Individual = [9, 17, 29, 6, 22, 23, 28, 15, 20, 27, 2, 14, 3, 24, 16, 18, 19, 13, 25, 10, 12, 11, 8, 5, 26, 0, 1, 7, 21, 4]
[2021-12-09 11:27:55] Epoch   675: Fit value = -618.5100828837286, HistBest = -618.5100828837286, Individual = [22, 17, 29, 6, 9, 23, 28, 15, 20, 27, 2, 14, 3, 24, 16, 18, 19, 13, 25, 10, 12, 11, 8, 5, 26, 0, 1, 7, 21, 4]
[2021-12-09 11:27:57] Epoch   700: Fit value = -620.7110804416344, HistBest = -618.5100828837286, Individual = [22, 17, 29, 6, 9, 23, 28, 15, 20, 27, 2, 14, 3, 24, 16, 18, 19, 13, 25, 10, 12, 11, 8, 5, 26, 0, 1, 7, 21, 4]
[2021-12-09 11:27:59] Epoch   725: Fit value = -612.3243886164814, HistBest = -612.3243886164814, Individual = [22, 17, 29, 6, 9, 23, 28, 15, 20, 27, 2, 14, 3, 24, 16, 18, 19, 13, 25, 10, 12, 11, 7, 5, 26, 0, 1, 8, 21, 4]
[2021-12-09 11:28:00] Epoch   750: Fit value = -628.1773035392791, HistBest = -612.3243886164814, Individual = [22, 17, 29, 6, 9, 23, 28, 15, 20, 27, 2, 14, 3, 24, 16, 18, 19, 13, 25, 10, 12, 11, 7, 5, 26, 0, 1, 8, 21, 4]
[2021-12-09 11:28:02] Epoch   775: Fit value = -597.5548289811246, HistBest = -597.5548289811246, Individual = [22, 17, 29, 6, 9, 23, 28, 15, 20, 27, 2, 14, 3, 24, 16, 18, 19, 13, 25, 10, 12, 11, 7, 1, 26, 0, 5, 8, 21, 4]
[2021-12-09 11:28:04] Epoch   800: Fit value = -584.3370819241165, HistBest = -584.3370819241165, Individual = [22, 17, 29, 6, 9, 23, 28, 15, 20, 27, 14, 2, 3, 24, 16, 18, 19, 13, 25, 10, 12, 11, 7, 1, 26, 0, 5, 8, 21, 4]
[2021-12-09 11:28:05] Epoch   825: Fit value = -584.3370819241165, HistBest = -584.3370819241165, Individual = [22, 17, 29, 6, 9, 23, 28, 15, 20, 27, 14, 2, 3, 24, 16, 18, 19, 13, 25, 10, 12, 11, 7, 1, 26, 0, 5, 8, 21, 4]
[2021-12-09 11:28:07] Epoch   850: Fit value = -635.2569191439887, HistBest = -584.3370819241165, Individual = [22, 17, 29, 6, 9, 23, 28, 15, 20, 27, 14, 2, 3, 24, 16, 18, 19, 13, 25, 10, 12, 11, 7, 1, 26, 0, 5, 8, 21, 4]
[2021-12-09 11:28:09] Epoch   875: Fit value = -602.3454876051699, HistBest = -582.6881895685242, Individual = [22, 17, 29, 6, 9, 23, 28, 15, 20, 27, 14, 2, 3, 24, 16, 18, 19, 13, 25, 10, 12, 11, 7, 8, 26, 0, 5, 1, 21, 4]
[2021-12-09 11:28:10] Epoch   900: Fit value = -582.6881895685242, HistBest = -582.6881895685242, Individual = [22, 17, 29, 6, 9, 23, 28, 15, 20, 27, 14, 2, 3, 24, 16, 18, 19, 13, 25, 10, 12, 11, 7, 8, 26, 0, 5, 1, 21, 4]
[2021-12-09 11:28:12] Epoch   925: Fit value = -582.4426797558532, HistBest = -582.4426797558532, Individual = [17, 22, 29, 6, 9, 23, 28, 15, 20, 27, 14, 2, 3, 24, 16, 18, 19, 13, 25, 10, 12, 11, 7, 8, 26, 0, 5, 1, 21, 4]
[2021-12-09 11:28:14] Epoch   950: Fit value = -582.4426797558532, HistBest = -582.4426797558532, Individual = [17, 22, 29, 6, 9, 23, 28, 15, 20, 27, 14, 2, 3, 24, 16, 18, 19, 13, 25, 10, 12, 11, 7, 8, 26, 0, 5, 1, 21, 4]
[2021-12-09 11:28:16] Epoch   975: Fit value = -582.4426797558532, HistBest = -582.4426797558532, Individual = [17, 22, 29, 6, 9, 23, 28, 15, 20, 27, 14, 2, 3, 24, 16, 18, 19, 13, 25, 10, 12, 11, 7, 8, 26, 0, 5, 1, 21, 4]
[2021-12-09 11:28:17] Epoch  1000: Fit value = -579.0654339431438, HistBest = -579.0654339431438, Individual = [17, 22, 29, 6, 9, 23, 28, 15, 20, 27, 18, 2, 3, 24, 16, 14, 19, 13, 25, 10, 12, 11, 7, 8, 26, 0, 5, 1, 21, 4]
[2021-12-09 11:28:19] Epoch  1025: Fit value = -575.1612459273495, HistBest = -575.1612459273495, Individual = [6, 29, 17, 22, 9, 23, 28, 15, 20, 27, 18, 2, 3, 24, 16, 14, 19, 13, 25, 10, 12, 11, 7, 8, 26, 0, 5, 1, 21, 4]
[2021-12-09 11:28:21] Epoch  1050: Fit value = -635.2755314138421, HistBest = -575.1612459273495, Individual = [6, 29, 17, 22, 9, 23, 28, 15, 20, 27, 18, 2, 3, 24, 16, 14, 19, 13, 25, 10, 12, 11, 7, 8, 26, 0, 5, 1, 21, 4]
[2021-12-09 11:28:22] Epoch  1075: Fit value = -575.1612459273495, HistBest = -575.1612459273495, Individual = [6, 29, 17, 22, 9, 23, 28, 15, 20, 27, 18, 2, 3, 24, 16, 14, 19, 13, 25, 10, 12, 11, 7, 8, 26, 0, 5, 1, 21, 4]
[2021-12-09 11:28:24] Epoch  1100: Fit value = -575.1612459273495, HistBest = -575.1612459273495, Individual = [6, 29, 17, 22, 9, 23, 28, 15, 20, 27, 18, 2, 3, 24, 16, 14, 19, 13, 25, 10, 12, 11, 7, 8, 26, 0, 5, 1, 21, 4]
[2021-12-09 11:28:26] Epoch  1125: Fit value = -575.1612459273495, HistBest = -575.1612459273495, Individual = [6, 29, 17, 22, 9, 23, 28, 15, 20, 27, 18, 2, 3, 24, 16, 14, 19, 13, 25, 10, 12, 11, 7, 8, 26, 0, 5, 1, 21, 4]
[2021-12-09 11:28:27] Epoch  1150: Fit value = -575.1612459273495, HistBest = -575.1612459273495, Individual = [6, 29, 17, 22, 9, 23, 28, 15, 20, 27, 18, 2, 3, 24, 16, 14, 19, 13, 25, 10, 12, 11, 7, 8, 26, 0, 5, 1, 21, 4]
[2021-12-09 11:28:29] Epoch  1175: Fit value = -623.9110181945938, HistBest = -575.1612459273495, Individual = [6, 29, 17, 22, 9, 23, 28, 15, 20, 27, 18, 2, 3, 24, 16, 14, 19, 13, 25, 10, 12, 11, 7, 8, 26, 0, 5, 1, 21, 4]
[2021-12-09 11:28:31] Epoch  1200: Fit value = -575.1612459273495, HistBest = -575.1612459273495, Individual = [6, 29, 17, 22, 9, 23, 28, 15, 20, 27, 18, 2, 3, 24, 16, 14, 19, 13, 25, 10, 12, 11, 7, 8, 26, 0, 5, 1, 21, 4]
[2021-12-09 11:28:32] Epoch  1225: Fit value = -573.8665761878152, HistBest = -573.8665761878152, Individual = [29, 6, 17, 22, 9, 23, 28, 15, 20, 27, 18, 2, 3, 24, 16, 14, 19, 13, 25, 10, 12, 11, 7, 8, 26, 0, 5, 1, 21, 4]
[2021-12-09 11:28:34] Epoch  1250: Fit value = -573.8665761878152, HistBest = -573.8665761878152, Individual = [29, 6, 17, 22, 9, 23, 28, 15, 20, 27, 18, 2, 3, 24, 16, 14, 19, 13, 25, 10, 12, 11, 7, 8, 26, 0, 5, 1, 21, 4]
[2021-12-09 11:28:36] Epoch  1275: Fit value = -573.8665761878152, HistBest = -573.8665761878152, Individual = [29, 6, 17, 22, 9, 23, 28, 15, 20, 27, 18, 2, 3, 24, 16, 14, 19, 13, 25, 10, 12, 11, 7, 8, 26, 0, 5, 1, 21, 4]
[2021-12-09 11:28:37] Epoch  1300: Fit value = -573.8665761878152, HistBest = -573.8665761878152, Individual = [29, 6, 17, 22, 9, 23, 28, 15, 20, 27, 18, 2, 3, 24, 16, 14, 19, 13, 25, 10, 12, 11, 7, 8, 26, 0, 5, 1, 21, 4]
[2021-12-09 11:28:39] Epoch  1325: Fit value = -573.8665761878152, HistBest = -573.8665761878152, Individual = [29, 6, 17, 22, 9, 23, 28, 15, 20, 27, 18, 2, 3, 24, 16, 14, 19, 13, 25, 10, 12, 11, 7, 8, 26, 0, 5, 1, 21, 4]
[2021-12-09 11:28:41] Epoch  1350: Fit value = -573.8665761878152, HistBest = -573.8665761878152, Individual = [29, 6, 17, 22, 9, 23, 28, 15, 20, 27, 18, 2, 3, 24, 16, 14, 19, 13, 25, 10, 12, 11, 7, 8, 26, 0, 5, 1, 21, 4]
[2021-12-09 11:28:42] Epoch  1375: Fit value = -573.8665761878152, HistBest = -573.8665761878152, Individual = [29, 6, 17, 22, 9, 23, 28, 15, 20, 27, 18, 2, 3, 24, 16, 14, 19, 13, 25, 10, 12, 11, 7, 8, 26, 0, 5, 1, 21, 4]
[2021-12-09 11:28:44] Epoch  1400: Fit value = -573.8665761878152, HistBest = -573.8665761878152, Individual = [29, 6, 17, 22, 9, 23, 28, 15, 20, 27, 18, 2, 3, 24, 16, 14, 19, 13, 25, 10, 12, 11, 7, 8, 26, 0, 5, 1, 21, 4]
[2021-12-09 11:28:46] Epoch  1425: Fit value = -703.4719059688108, HistBest = -573.8665761878152, Individual = [29, 6, 17, 22, 9, 23, 28, 15, 20, 27, 18, 2, 3, 24, 16, 14, 19, 13, 25, 10, 12, 11, 7, 8, 26, 0, 5, 1, 21, 4]
[2021-12-09 11:28:47] Epoch  1450: Fit value = -569.892688222116, HistBest = -569.892688222116, Individual = [29, 6, 17, 22, 9, 23, 28, 15, 20, 27, 16, 2, 3, 24, 18, 14, 19, 13, 25, 10, 12, 11, 7, 8, 0, 26, 5, 1, 21, 4]
[2021-12-09 11:28:49] Epoch  1475: Fit value = -569.892688222116, HistBest = -569.892688222116, Individual = [29, 6, 17, 22, 9, 23, 28, 15, 20, 27, 16, 2, 3, 24, 18, 14, 19, 13, 25, 10, 12, 11, 7, 8, 0, 26, 5, 1, 21, 4]
[2021-12-09 11:28:51] Epoch  1500: Fit value = -567.3024184270395, HistBest = -567.3024184270395, Individual = [29, 6, 17, 22, 9, 23, 28, 15, 27, 20, 16, 2, 3, 24, 18, 14, 19, 13, 25, 10, 12, 11, 7, 8, 0, 26, 5, 1, 21, 4]
[2021-12-09 11:28:52] Epoch  1525: Fit value = -567.3024184270395, HistBest = -567.3024184270395, Individual = [29, 6, 17, 22, 9, 23, 28, 15, 27, 20, 16, 2, 3, 24, 18, 14, 19, 13, 25, 10, 12, 11, 7, 8, 0, 26, 5, 1, 21, 4]
[2021-12-09 11:28:54] Epoch  1550: Fit value = -561.074196830136, HistBest = -561.074196830136, Individual = [29, 6, 17, 22, 9, 23, 28, 15, 27, 20, 2, 16, 3, 24, 18, 14, 19, 13, 25, 10, 12, 11, 7, 8, 0, 26, 5, 1, 21, 4]
[2021-12-09 11:28:56] Epoch  1575: Fit value = -561.074196830136, HistBest = -561.074196830136, Individual = [29, 6, 17, 22, 9, 23, 28, 15, 27, 20, 2, 16, 3, 24, 18, 14, 19, 13, 25, 10, 12, 11, 7, 8, 0, 26, 5, 1, 21, 4]
[2021-12-09 11:28:57] Epoch  1600: Fit value = -791.1380212918247, HistBest = -561.074196830136, Individual = [29, 6, 17, 22, 9, 23, 28, 15, 27, 20, 2, 16, 3, 24, 18, 14, 19, 13, 25, 10, 12, 11, 7, 8, 0, 26, 5, 1, 21, 4]
[2021-12-09 11:28:59] Epoch  1625: Fit value = -621.9150328530628, HistBest = -561.074196830136, Individual = [29, 6, 17, 22, 9, 23, 28, 15, 27, 20, 2, 16, 3, 24, 18, 14, 19, 13, 25, 10, 12, 11, 7, 8, 0, 26, 5, 1, 21, 4]
[2021-12-09 11:29:01] Epoch  1650: Fit value = -561.074196830136, HistBest = -561.074196830136, Individual = [29, 6, 17, 22, 9, 23, 28, 15, 27, 20, 2, 16, 3, 24, 18, 14, 19, 13, 25, 10, 12, 11, 7, 8, 0, 26, 5, 1, 21, 4]
[2021-12-09 11:29:02] Epoch  1675: Fit value = -561.074196830136, HistBest = -561.074196830136, Individual = [29, 6, 17, 22, 9, 23, 28, 15, 27, 20, 2, 16, 3, 24, 18, 14, 19, 13, 25, 10, 12, 11, 7, 8, 0, 26, 5, 1, 21, 4]
[2021-12-09 11:29:04] Epoch  1700: Fit value = -714.5472877849338, HistBest = -547.9043513699623, Individual = [28, 23, 15, 22, 17, 6, 29, 9, 27, 20, 2, 16, 3, 24, 18, 14, 19, 13, 25, 10, 12, 11, 7, 8, 0, 26, 5, 1, 21, 4]
[2021-12-09 11:29:06] Epoch  1725: Fit value = -527.4431713724581, HistBest = -527.4431713724581, Individual = [28, 23, 15, 22, 17, 6, 29, 9, 27, 20, 2, 16, 3, 24, 18, 14, 19, 13, 25, 10, 12, 7, 11, 8, 5, 0, 26, 1, 21, 4]
[2021-12-09 11:29:08] Epoch  1750: Fit value = -527.4431713724581, HistBest = -527.4431713724581, Individual = [28, 23, 15, 22, 17, 6, 29, 9, 27, 20, 2, 16, 3, 24, 18, 14, 19, 13, 25, 10, 12, 7, 11, 8, 5, 0, 26, 1, 21, 4]
[2021-12-09 11:29:09] Epoch  1775: Fit value = -645.5069237533938, HistBest = -527.4431713724581, Individual = [28, 23, 15, 22, 17, 6, 29, 9, 27, 20, 2, 16, 3, 24, 18, 14, 19, 13, 25, 10, 12, 7, 11, 8, 5, 0, 26, 1, 21, 4]
[2021-12-09 11:29:11] Epoch  1800: Fit value = -527.4431713724581, HistBest = -527.4431713724581, Individual = [28, 23, 15, 22, 17, 6, 29, 9, 27, 20, 2, 16, 3, 24, 18, 14, 19, 13, 25, 10, 12, 7, 11, 8, 5, 0, 26, 1, 21, 4]
[2021-12-09 11:29:13] Epoch  1825: Fit value = -527.4431713724581, HistBest = -527.4431713724581, Individual = [28, 23, 15, 22, 17, 6, 29, 9, 27, 20, 2, 16, 3, 24, 18, 14, 19, 13, 25, 10, 12, 7, 11, 8, 5, 0, 26, 1, 21, 4]
[2021-12-09 11:29:14] Epoch  1850: Fit value = -527.4431713724581, HistBest = -527.4431713724581, Individual = [28, 23, 15, 22, 17, 6, 29, 9, 27, 20, 2, 16, 3, 24, 18, 14, 19, 13, 25, 10, 12, 7, 11, 8, 5, 0, 26, 1, 21, 4]
[2021-12-09 11:29:16] Epoch  1875: Fit value = -527.4431713724581, HistBest = -527.4431713724581, Individual = [28, 23, 15, 22, 17, 6, 29, 9, 27, 20, 2, 16, 3, 24, 18, 14, 19, 13, 25, 10, 12, 7, 11, 8, 5, 0, 26, 1, 21, 4]
[2021-12-09 11:29:18] Epoch  1900: Fit value = -527.4431713724581, HistBest = -527.4431713724581, Individual = [28, 23, 15, 22, 17, 6, 29, 9, 27, 20, 2, 16, 3, 24, 18, 14, 19, 13, 25, 10, 12, 7, 11, 8, 5, 0, 26, 1, 21, 4]
[2021-12-09 11:29:19] Epoch  1925: Fit value = -657.8125285431395, HistBest = -523.5882206843717, Individual = [28, 23, 15, 9, 17, 6, 29, 22, 27, 20, 2, 16, 3, 24, 18, 14, 19, 13, 25, 10, 12, 7, 11, 8, 5, 0, 26, 1, 21, 4]
[2021-12-09 11:29:21] Epoch  1950: Fit value = -523.5882206843717, HistBest = -523.5882206843717, Individual = [28, 23, 15, 9, 17, 6, 29, 22, 27, 20, 2, 16, 3, 24, 18, 14, 19, 13, 25, 10, 12, 7, 11, 8, 5, 0, 26, 1, 21, 4]
[2021-12-09 11:29:23] Epoch  1975: Fit value = -523.5882206843717, HistBest = -523.5882206843717, Individual = [28, 23, 15, 9, 17, 6, 29, 22, 27, 20, 2, 16, 3, 24, 18, 14, 19, 13, 25, 10, 12, 7, 11, 8, 5, 0, 26, 1, 21, 4]
[2021-12-09 11:29:24] Epoch  2000: Fit value = -513.6769814350685, HistBest = -513.6769814350685, Individual = [15, 23, 28, 9, 17, 6, 29, 22, 27, 20, 2, 16, 3, 24, 18, 14, 19, 13, 25, 10, 12, 7, 11, 8, 5, 0, 26, 1, 21, 4]
[2021-12-09 11:29:26] Epoch  2025: Fit value = -513.6769814350685, HistBest = -513.6769814350685, Individual = [15, 23, 28, 9, 17, 6, 29, 22, 27, 20, 2, 16, 3, 24, 18, 14, 19, 13, 25, 10, 12, 7, 11, 8, 5, 0, 26, 1, 21, 4]
[2021-12-09 11:29:28] Epoch  2050: Fit value = -513.6769814350685, HistBest = -513.6769814350685, Individual = [15, 23, 28, 9, 17, 6, 29, 22, 27, 20, 2, 16, 3, 24, 18, 14, 19, 13, 25, 10, 12, 7, 11, 8, 5, 0, 26, 1, 21, 4]
[2021-12-09 11:29:29] Epoch  2075: Fit value = -513.6769814350685, HistBest = -513.6769814350685, Individual = [15, 23, 28, 9, 17, 6, 29, 22, 27, 20, 2, 16, 3, 24, 18, 14, 19, 13, 25, 10, 12, 7, 11, 8, 5, 0, 26, 1, 21, 4]
[2021-12-09 11:29:31] Epoch  2100: Fit value = -513.6769814350685, HistBest = -513.6769814350685, Individual = [15, 23, 28, 9, 17, 6, 29, 22, 27, 20, 2, 16, 3, 24, 18, 14, 19, 13, 25, 10, 12, 7, 11, 8, 5, 0, 26, 1, 21, 4]
[2021-12-09 11:29:33] Epoch  2125: Fit value = -513.6769814350685, HistBest = -513.6769814350685, Individual = [15, 23, 28, 9, 17, 6, 29, 22, 27, 20, 2, 16, 3, 24, 18, 14, 19, 13, 25, 10, 12, 7, 11, 8, 5, 0, 26, 1, 21, 4]
[2021-12-09 11:29:34] Epoch  2150: Fit value = -540.4653248787125, HistBest = -513.6769814350685, Individual = [15, 23, 28, 9, 17, 6, 29, 22, 27, 20, 2, 16, 3, 24, 18, 14, 19, 13, 25, 10, 12, 7, 11, 8, 5, 0, 26, 1, 21, 4]
[2021-12-09 11:29:36] Epoch  2175: Fit value = -513.6769814350685, HistBest = -513.6769814350685, Individual = [15, 23, 28, 9, 17, 6, 29, 22, 27, 20, 2, 16, 3, 24, 18, 14, 19, 13, 25, 10, 12, 7, 11, 8, 5, 0, 26, 1, 21, 4]
[2021-12-09 11:29:38] Epoch  2200: Fit value = -513.6769814350685, HistBest = -513.6769814350685, Individual = [15, 23, 28, 9, 17, 6, 29, 22, 27, 20, 2, 16, 3, 24, 18, 14, 19, 13, 25, 10, 12, 7, 11, 8, 5, 0, 26, 1, 21, 4]
[2021-12-09 11:29:40] Epoch  2225: Fit value = -513.6769814350685, HistBest = -513.6769814350685, Individual = [15, 23, 28, 9, 17, 6, 29, 22, 27, 20, 2, 16, 3, 24, 18, 14, 19, 13, 25, 10, 12, 7, 11, 8, 5, 0, 26, 1, 21, 4]
[2021-12-09 11:29:41] Epoch  2250: Fit value = -513.6769814350685, HistBest = -513.6769814350685, Individual = [15, 23, 28, 9, 17, 6, 29, 22, 27, 20, 2, 16, 3, 24, 18, 14, 19, 13, 25, 10, 12, 7, 11, 8, 5, 0, 26, 1, 21, 4]
[2021-12-09 11:29:43] Epoch  2275: Fit value = -510.58451702743093, HistBest = -510.58451702743093, Individual = [15, 23, 28, 9, 17, 6, 29, 22, 27, 20, 2, 16, 3, 24, 18, 14, 19, 13, 25, 10, 12, 7, 11, 8, 5, 26, 0, 1, 21, 4]
[2021-12-09 11:29:45] Epoch  2300: Fit value = -510.58451702743093, HistBest = -510.58451702743093, Individual = [15, 23, 28, 9, 17, 6, 29, 22, 27, 20, 2, 16, 3, 24, 18, 14, 19, 13, 25, 10, 12, 7, 11, 8, 5, 26, 0, 1, 21, 4]
[2021-12-09 11:29:46] Epoch  2325: Fit value = -510.58451702743093, HistBest = -510.58451702743093, Individual = [15, 23, 28, 9, 17, 6, 29, 22, 27, 20, 2, 16, 3, 24, 18, 14, 19, 13, 25, 10, 12, 7, 11, 8, 5, 26, 0, 1, 21, 4]
[2021-12-09 11:29:48] Epoch  2350: Fit value = -568.806002435391, HistBest = -510.58451702743093, Individual = [15, 23, 28, 9, 17, 6, 29, 22, 27, 20, 2, 16, 3, 24, 18, 14, 19, 13, 25, 10, 12, 7, 11, 8, 5, 26, 0, 1, 21, 4]
[2021-12-09 11:29:50] Epoch  2375: Fit value = -510.58451702743093, HistBest = -510.58451702743093, Individual = [15, 23, 28, 9, 17, 6, 29, 22, 27, 20, 2, 16, 3, 24, 18, 14, 19, 13, 25, 10, 12, 7, 11, 8, 5, 26, 0, 1, 21, 4]
[2021-12-09 11:29:51] Epoch  2400: Fit value = -510.58451702743093, HistBest = -510.58451702743093, Individual = [15, 23, 28, 9, 17, 6, 29, 22, 27, 20, 2, 16, 3, 24, 18, 14, 19, 13, 25, 10, 12, 7, 11, 8, 5, 26, 0, 1, 21, 4]
[2021-12-09 11:29:53] Epoch  2425: Fit value = -510.58451702743093, HistBest = -510.58451702743093, Individual = [15, 23, 28, 9, 17, 6, 29, 22, 27, 20, 2, 16, 3, 24, 18, 14, 19, 13, 25, 10, 12, 7, 11, 8, 5, 26, 0, 1, 21, 4]
[2021-12-09 11:29:55] Epoch  2450: Fit value = -510.58451702743093, HistBest = -510.58451702743093, Individual = [15, 23, 28, 9, 17, 6, 29, 22, 27, 20, 2, 16, 3, 24, 18, 14, 19, 13, 25, 10, 12, 7, 11, 8, 5, 26, 0, 1, 21, 4]
[2021-12-09 11:29:56] Epoch  2475: Fit value = -510.58451702743093, HistBest = -510.58451702743093, Individual = [15, 23, 28, 9, 17, 6, 29, 22, 27, 20, 2, 16, 3, 24, 18, 14, 19, 13, 25, 10, 12, 7, 11, 8, 5, 26, 0, 1, 21, 4]
[2021-12-09 11:29:58] Epoch  2500: Fit value = -510.58451702743093, HistBest = -510.58451702743093, Individual = [15, 23, 28, 9, 17, 6, 29, 22, 27, 20, 2, 16, 3, 24, 18, 14, 19, 13, 25, 10, 12, 7, 11, 8, 5, 26, 0, 1, 21, 4]
[2021-12-09 11:30:00] Epoch  2525: Fit value = -510.58451702743093, HistBest = -510.58451702743093, Individual = [15, 23, 28, 9, 17, 6, 29, 22, 27, 20, 2, 16, 3, 24, 18, 14, 19, 13, 25, 10, 12, 7, 11, 8, 5, 26, 0, 1, 21, 4]
[2021-12-09 11:30:01] Epoch  2550: Fit value = -510.58451702743093, HistBest = -510.58451702743093, Individual = [15, 23, 28, 9, 17, 6, 29, 22, 27, 20, 2, 16, 3, 24, 18, 14, 19, 13, 25, 10, 12, 7, 11, 8, 5, 26, 0, 1, 21, 4]
[2021-12-09 11:30:03] Epoch  2575: Fit value = -510.58451702743093, HistBest = -510.58451702743093, Individual = [15, 23, 28, 9, 17, 6, 29, 22, 27, 20, 2, 16, 3, 24, 18, 14, 19, 13, 25, 10, 12, 7, 11, 8, 5, 26, 0, 1, 21, 4]
[2021-12-09 11:30:05] Epoch  2600: Fit value = -510.58451702743093, HistBest = -510.58451702743093, Individual = [15, 23, 28, 9, 17, 6, 29, 22, 27, 20, 2, 16, 3, 24, 18, 14, 19, 13, 25, 10, 12, 7, 11, 8, 5, 26, 0, 1, 21, 4]
[2021-12-09 11:30:07] Epoch  2625: Fit value = -534.4266694051789, HistBest = -510.58451702743093, Individual = [15, 23, 28, 9, 17, 6, 29, 22, 27, 20, 2, 16, 3, 24, 18, 14, 19, 13, 25, 10, 12, 7, 11, 8, 5, 26, 0, 1, 21, 4]
[2021-12-09 11:30:08] Epoch  2650: Fit value = -579.6372918711335, HistBest = -510.58451702743093, Individual = [15, 23, 28, 9, 17, 6, 29, 22, 27, 20, 2, 16, 3, 24, 18, 14, 19, 13, 25, 10, 12, 7, 11, 8, 5, 26, 0, 1, 21, 4]
[2021-12-09 11:30:10] Epoch  2675: Fit value = -541.0911999363947, HistBest = -510.58451702743093, Individual = [15, 23, 28, 9, 17, 6, 29, 22, 27, 20, 2, 16, 3, 24, 18, 14, 19, 13, 25, 10, 12, 7, 11, 8, 5, 26, 0, 1, 21, 4]
[2021-12-09 11:30:12] Epoch  2700: Fit value = -523.3626149500094, HistBest = -510.58451702743093, Individual = [15, 23, 28, 9, 17, 6, 29, 22, 27, 20, 2, 16, 3, 24, 18, 14, 19, 13, 25, 10, 12, 7, 11, 8, 5, 26, 0, 1, 21, 4]
[2021-12-09 11:30:14] Epoch  2725: Fit value = -510.58451702743093, HistBest = -510.58451702743093, Individual = [15, 23, 28, 9, 17, 6, 29, 22, 27, 20, 2, 16, 3, 24, 18, 14, 19, 13, 25, 10, 12, 7, 11, 8, 5, 26, 0, 1, 21, 4]
[2021-12-09 11:30:15] Epoch  2750: Fit value = -529.1598005081171, HistBest = -510.58451702743093, Individual = [15, 23, 28, 9, 17, 6, 29, 22, 27, 20, 2, 16, 3, 24, 18, 14, 19, 13, 25, 10, 12, 7, 11, 8, 5, 26, 0, 1, 21, 4]
[2021-12-09 11:30:17] Epoch  2775: Fit value = -510.58451702743093, HistBest = -510.58451702743093, Individual = [15, 23, 28, 9, 17, 6, 29, 22, 27, 20, 2, 16, 3, 24, 18, 14, 19, 13, 25, 10, 12, 7, 11, 8, 5, 26, 0, 1, 21, 4]
[2021-12-09 11:30:19] Epoch  2800: Fit value = -510.58451702743093, HistBest = -510.58451702743093, Individual = [15, 23, 28, 9, 17, 6, 29, 22, 27, 20, 2, 16, 3, 24, 18, 14, 19, 13, 25, 10, 12, 7, 11, 8, 5, 26, 0, 1, 21, 4]
[2021-12-09 11:30:20] Epoch  2825: Fit value = -510.58451702743093, HistBest = -510.58451702743093, Individual = [15, 23, 28, 9, 17, 6, 29, 22, 27, 20, 2, 16, 3, 24, 18, 14, 19, 13, 25, 10, 12, 7, 11, 8, 5, 26, 0, 1, 21, 4]
[2021-12-09 11:30:22] Epoch  2850: Fit value = -510.58451702743093, HistBest = -510.58451702743093, Individual = [15, 23, 28, 9, 17, 6, 29, 22, 27, 20, 2, 16, 3, 24, 18, 14, 19, 13, 25, 10, 12, 7, 11, 8, 5, 26, 0, 1, 21, 4]
[2021-12-09 11:30:24] Epoch  2875: Fit value = -510.58451702743093, HistBest = -510.58451702743093, Individual = [15, 23, 28, 9, 17, 6, 29, 22, 27, 20, 2, 16, 3, 24, 18, 14, 19, 13, 25, 10, 12, 7, 11, 8, 5, 26, 0, 1, 21, 4]
[2021-12-09 11:30:26] Epoch  2900: Fit value = -510.58451702743093, HistBest = -510.58451702743093, Individual = [15, 23, 28, 9, 17, 6, 29, 22, 27, 20, 2, 16, 3, 24, 18, 14, 19, 13, 25, 10, 12, 7, 11, 8, 5, 26, 0, 1, 21, 4]
[2021-12-09 11:30:27] Epoch  2925: Fit value = -645.7043884837257, HistBest = -510.58451702743093, Individual = [15, 23, 28, 9, 17, 6, 29, 22, 27, 20, 2, 16, 3, 24, 18, 14, 19, 13, 25, 10, 12, 7, 11, 8, 5, 26, 0, 1, 21, 4]
[2021-12-09 11:30:29] Epoch  2950: Fit value = -520.495756276734, HistBest = -510.58451702743093, Individual = [15, 23, 28, 9, 17, 6, 29, 22, 27, 20, 2, 16, 3, 24, 18, 14, 19, 13, 25, 10, 12, 7, 11, 8, 5, 26, 0, 1, 21, 4]
[2021-12-09 11:30:31] Epoch  2975: Fit value = -510.58451702743093, HistBest = -510.58451702743093, Individual = [15, 23, 28, 9, 17, 6, 29, 22, 27, 20, 2, 16, 3, 24, 18, 14, 19, 13, 25, 10, 12, 7, 11, 8, 5, 26, 0, 1, 21, 4]
[2021-12-09 11:30:32] Epoch  3000: Fit value = -510.58451702743093, HistBest = -510.58451702743093, Individual = [15, 23, 28, 9, 17, 6, 29, 22, 27, 20, 2, 16, 3, 24, 18, 14, 19, 13, 25, 10, 12, 7, 11, 8, 5, 26, 0, 1, 21, 4]
[2021-12-09 11:30:34] Epoch  3025: Fit value = -510.58451702743093, HistBest = -510.58451702743093, Individual = [15, 23, 28, 9, 17, 6, 29, 22, 27, 20, 2, 16, 3, 24, 18, 14, 19, 13, 25, 10, 12, 7, 11, 8, 5, 26, 0, 1, 21, 4]
[2021-12-09 11:30:36] Epoch  3050: Fit value = -510.58451702743093, HistBest = -510.58451702743093, Individual = [15, 23, 28, 9, 17, 6, 29, 22, 27, 20, 2, 16, 3, 24, 18, 14, 19, 13, 25, 10, 12, 7, 11, 8, 5, 26, 0, 1, 21, 4]
[2021-12-09 11:30:37] Epoch  3075: Fit value = -510.58451702743093, HistBest = -510.58451702743093, Individual = [15, 23, 28, 9, 17, 6, 29, 22, 27, 20, 2, 16, 3, 24, 18, 14, 19, 13, 25, 10, 12, 7, 11, 8, 5, 26, 0, 1, 21, 4]
[2021-12-09 11:30:39] Epoch  3100: Fit value = -510.58451702743093, HistBest = -510.58451702743093, Individual = [15, 23, 28, 9, 17, 6, 29, 22, 27, 20, 2, 16, 3, 24, 18, 14, 19, 13, 25, 10, 12, 7, 11, 8, 5, 26, 0, 1, 21, 4]
[2021-12-09 11:30:41] Epoch  3125: Fit value = -510.58451702743093, HistBest = -510.58451702743093, Individual = [15, 23, 28, 9, 17, 6, 29, 22, 27, 20, 2, 16, 3, 24, 18, 14, 19, 13, 25, 10, 12, 7, 11, 8, 5, 26, 0, 1, 21, 4]
[2021-12-09 11:30:43] Epoch  3150: Fit value = -510.58451702743093, HistBest = -510.58451702743093, Individual = [15, 23, 28, 9, 17, 6, 29, 22, 27, 20, 2, 16, 3, 24, 18, 14, 19, 13, 25, 10, 12, 7, 11, 8, 5, 26, 0, 1, 21, 4]
[2021-12-09 11:30:44] Epoch  3175: Fit value = -510.58451702743093, HistBest = -510.58451702743093, Individual = [15, 23, 28, 9, 17, 6, 29, 22, 27, 20, 2, 16, 3, 24, 18, 14, 19, 13, 25, 10, 12, 7, 11, 8, 5, 26, 0, 1, 21, 4]
[2021-12-09 11:30:46] Epoch  3200: Fit value = -510.58451702743093, HistBest = -510.58451702743093, Individual = [15, 23, 28, 9, 17, 6, 29, 22, 27, 20, 2, 16, 3, 24, 18, 14, 19, 13, 25, 10, 12, 7, 11, 8, 5, 26, 0, 1, 21, 4]
[2021-12-09 11:30:48] Epoch  3225: Fit value = -665.0618081941506, HistBest = -510.58451702743093, Individual = [15, 23, 28, 9, 17, 6, 29, 22, 27, 20, 2, 16, 3, 24, 18, 14, 19, 13, 25, 10, 12, 7, 11, 8, 5, 26, 0, 1, 21, 4]
[2021-12-09 11:30:49] Epoch  3250: Fit value = -609.9101597052314, HistBest = -510.58451702743093, Individual = [15, 23, 28, 9, 17, 6, 29, 22, 27, 20, 2, 16, 3, 24, 18, 14, 19, 13, 25, 10, 12, 7, 11, 8, 5, 26, 0, 1, 21, 4]
[2021-12-09 11:30:51] Epoch  3275: Fit value = -510.58451702743093, HistBest = -510.58451702743093, Individual = [15, 23, 28, 9, 17, 6, 29, 22, 27, 20, 2, 16, 3, 24, 18, 14, 19, 13, 25, 10, 12, 7, 11, 8, 5, 26, 0, 1, 21, 4]
[2021-12-09 11:30:53] Epoch  3300: Fit value = -529.1598005081171, HistBest = -510.58451702743093, Individual = [15, 23, 28, 9, 17, 6, 29, 22, 27, 20, 2, 16, 3, 24, 18, 14, 19, 13, 25, 10, 12, 7, 11, 8, 5, 26, 0, 1, 21, 4]
[2021-12-09 11:30:55] Epoch  3325: Fit value = -547.2901129479832, HistBest = -510.58451702743093, Individual = [15, 23, 28, 9, 17, 6, 29, 22, 27, 20, 2, 16, 3, 24, 18, 14, 19, 13, 25, 10, 12, 7, 11, 8, 5, 26, 0, 1, 21, 4]
[2021-12-09 11:30:56] Epoch  3350: Fit value = -510.58451702743093, HistBest = -510.58451702743093, Individual = [15, 23, 28, 9, 17, 6, 29, 22, 27, 20, 2, 16, 3, 24, 18, 14, 19, 13, 25, 10, 12, 7, 11, 8, 5, 26, 0, 1, 21, 4]
[2021-12-09 11:30:58] Epoch  3375: Fit value = -560.0682108705618, HistBest = -510.58451702743093, Individual = [15, 23, 28, 9, 17, 6, 29, 22, 27, 20, 2, 16, 3, 24, 18, 14, 19, 13, 25, 10, 12, 7, 11, 8, 5, 26, 0, 1, 21, 4]
[2021-12-09 11:31:00] Epoch  3400: Fit value = -510.58451702743093, HistBest = -510.58451702743093, Individual = [15, 23, 28, 9, 17, 6, 29, 22, 27, 20, 2, 16, 3, 24, 18, 14, 19, 13, 25, 10, 12, 7, 11, 8, 5, 26, 0, 1, 21, 4]
[2021-12-09 11:31:01] Epoch  3425: Fit value = -660.5478678363759, HistBest = -510.58451702743093, Individual = [15, 23, 28, 9, 17, 6, 29, 22, 27, 20, 2, 16, 3, 24, 18, 14, 19, 13, 25, 10, 12, 7, 11, 8, 5, 26, 0, 1, 21, 4]
[2021-12-09 11:31:03] Epoch  3450: Fit value = -546.1105906491048, HistBest = -510.58451702743093, Individual = [15, 23, 28, 9, 17, 6, 29, 22, 27, 20, 2, 16, 3, 24, 18, 14, 19, 13, 25, 10, 12, 7, 11, 8, 5, 26, 0, 1, 21, 4]
[2021-12-09 11:31:05] Epoch  3475: Fit value = -539.0277163466441, HistBest = -510.58451702743093, Individual = [15, 23, 28, 9, 17, 6, 29, 22, 27, 20, 2, 16, 3, 24, 18, 14, 19, 13, 25, 10, 12, 7, 11, 8, 5, 26, 0, 1, 21, 4]
[2021-12-09 11:31:07] Epoch  3500: Fit value = -540.3072640630186, HistBest = -510.58451702743093, Individual = [15, 23, 28, 9, 17, 6, 29, 22, 27, 20, 2, 16, 3, 24, 18, 14, 19, 13, 25, 10, 12, 7, 11, 8, 5, 26, 0, 1, 21, 4]
[2021-12-09 11:31:08] Epoch  3525: Fit value = -510.58451702743093, HistBest = -510.58451702743093, Individual = [15, 23, 28, 9, 17, 6, 29, 22, 27, 20, 2, 16, 3, 24, 18, 14, 19, 13, 25, 10, 12, 7, 11, 8, 5, 26, 0, 1, 21, 4]
[2021-12-09 11:31:10] Epoch  3550: Fit value = -510.58451702743093, HistBest = -510.58451702743093, Individual = [15, 23, 28, 9, 17, 6, 29, 22, 27, 20, 2, 16, 3, 24, 18, 14, 19, 13, 25, 10, 12, 7, 11, 8, 5, 26, 0, 1, 21, 4]
[2021-12-09 11:31:12] Epoch  3575: Fit value = -510.58451702743093, HistBest = -510.58451702743093, Individual = [15, 23, 28, 9, 17, 6, 29, 22, 27, 20, 2, 16, 3, 24, 18, 14, 19, 13, 25, 10, 12, 7, 11, 8, 5, 26, 0, 1, 21, 4]
[2021-12-09 11:31:13] Epoch  3600: Fit value = -545.9283988576786, HistBest = -510.58451702743093, Individual = [15, 23, 28, 9, 17, 6, 29, 22, 27, 20, 2, 16, 3, 24, 18, 14, 19, 13, 25, 10, 12, 7, 11, 8, 5, 26, 0, 1, 21, 4]
[2021-12-09 11:31:15] Epoch  3625: Fit value = -510.58451702743093, HistBest = -510.58451702743093, Individual = [15, 23, 28, 9, 17, 6, 29, 22, 27, 20, 2, 16, 3, 24, 18, 14, 19, 13, 25, 10, 12, 7, 11, 8, 5, 26, 0, 1, 21, 4]
[2021-12-09 11:31:17] Epoch  3650: Fit value = -510.58451702743093, HistBest = -510.58451702743093, Individual = [15, 23, 28, 9, 17, 6, 29, 22, 27, 20, 2, 16, 3, 24, 18, 14, 19, 13, 25, 10, 12, 7, 11, 8, 5, 26, 0, 1, 21, 4]
[2021-12-09 11:31:18] Epoch  3675: Fit value = -562.7751649189457, HistBest = -510.58451702743093, Individual = [15, 23, 28, 9, 17, 6, 29, 22, 27, 20, 2, 16, 3, 24, 18, 14, 19, 13, 25, 10, 12, 7, 11, 8, 5, 26, 0, 1, 21, 4]
[2021-12-09 11:31:20] Epoch  3700: Fit value = -510.58451702743093, HistBest = -510.58451702743093, Individual = [15, 23, 28, 9, 17, 6, 29, 22, 27, 20, 2, 16, 3, 24, 18, 14, 19, 13, 25, 10, 12, 7, 11, 8, 5, 26, 0, 1, 21, 4]
[2021-12-09 11:31:22] Epoch  3725: Fit value = -510.58451702743093, HistBest = -510.58451702743093, Individual = [15, 23, 28, 9, 17, 6, 29, 22, 27, 20, 2, 16, 3, 24, 18, 14, 19, 13, 25, 10, 12, 7, 11, 8, 5, 26, 0, 1, 21, 4]
[2021-12-09 11:31:24] Epoch  3750: Fit value = -510.58451702743093, HistBest = -510.58451702743093, Individual = [15, 23, 28, 9, 17, 6, 29, 22, 27, 20, 2, 16, 3, 24, 18, 14, 19, 13, 25, 10, 12, 7, 11, 8, 5, 26, 0, 1, 21, 4]
[2021-12-09 11:31:25] Epoch  3775: Fit value = -510.58451702743093, HistBest = -510.58451702743093, Individual = [15, 23, 28, 9, 17, 6, 29, 22, 27, 20, 2, 16, 3, 24, 18, 14, 19, 13, 25, 10, 12, 7, 11, 8, 5, 26, 0, 1, 21, 4]
[2021-12-09 11:31:27] Epoch  3800: Fit value = -583.7296817238887, HistBest = -510.58451702743093, Individual = [15, 23, 28, 9, 17, 6, 29, 22, 27, 20, 2, 16, 3, 24, 18, 14, 19, 13, 25, 10, 12, 7, 11, 8, 5, 26, 0, 1, 21, 4]
[2021-12-09 11:31:29] Epoch  3825: Fit value = -510.58451702743093, HistBest = -510.58451702743093, Individual = [15, 23, 28, 9, 17, 6, 29, 22, 27, 20, 2, 16, 3, 24, 18, 14, 19, 13, 25, 10, 12, 7, 11, 8, 5, 26, 0, 1, 21, 4]
[2021-12-09 11:31:30] Epoch  3850: Fit value = -510.58451702743093, HistBest = -510.58451702743093, Individual = [15, 23, 28, 9, 17, 6, 29, 22, 27, 20, 2, 16, 3, 24, 18, 14, 19, 13, 25, 10, 12, 7, 11, 8, 5, 26, 0, 1, 21, 4]
[2021-12-09 11:31:32] Epoch  3875: Fit value = -510.58451702743093, HistBest = -510.58451702743093, Individual = [15, 23, 28, 9, 17, 6, 29, 22, 27, 20, 2, 16, 3, 24, 18, 14, 19, 13, 25, 10, 12, 7, 11, 8, 5, 26, 0, 1, 21, 4]
[2021-12-09 11:31:34] Epoch  3900: Fit value = -510.58451702743093, HistBest = -510.58451702743093, Individual = [15, 23, 28, 9, 17, 6, 29, 22, 27, 20, 2, 16, 3, 24, 18, 14, 19, 13, 25, 10, 12, 7, 11, 8, 5, 26, 0, 1, 21, 4]
[2021-12-09 11:31:36] Epoch  3925: Fit value = -510.58451702743093, HistBest = -510.58451702743093, Individual = [15, 23, 28, 9, 17, 6, 29, 22, 27, 20, 2, 16, 3, 24, 18, 14, 19, 13, 25, 10, 12, 7, 11, 8, 5, 26, 0, 1, 21, 4]
[2021-12-09 11:31:37] Epoch  3950: Fit value = -716.6464266884826, HistBest = -510.58451702743093, Individual = [15, 23, 28, 9, 17, 6, 29, 22, 27, 20, 2, 16, 3, 24, 18, 14, 19, 13, 25, 10, 12, 7, 11, 8, 5, 26, 0, 1, 21, 4]
[2021-12-09 11:31:39] Epoch  3975: Fit value = -577.9715516255281, HistBest = -510.58451702743093, Individual = [15, 23, 28, 9, 17, 6, 29, 22, 27, 20, 2, 16, 3, 24, 18, 14, 19, 13, 25, 10, 12, 7, 11, 8, 5, 26, 0, 1, 21, 4]
[2021-12-09 11:31:41] Epoch  4000: Fit value = -510.58451702743093, HistBest = -510.58451702743093, Individual = [15, 23, 28, 9, 17, 6, 29, 22, 27, 20, 2, 16, 3, 24, 18, 14, 19, 13, 25, 10, 12, 7, 11, 8, 5, 26, 0, 1, 21, 4]
[2021-12-09 11:31:42] Epoch  4025: Fit value = -638.3879036186115, HistBest = -510.58451702743093, Individual = [15, 23, 28, 9, 17, 6, 29, 22, 27, 20, 2, 16, 3, 24, 18, 14, 19, 13, 25, 10, 12, 7, 11, 8, 5, 26, 0, 1, 21, 4]
[2021-12-09 11:31:44] Epoch  4050: Fit value = -510.58451702743093, HistBest = -510.58451702743093, Individual = [15, 23, 28, 9, 17, 6, 29, 22, 27, 20, 2, 16, 3, 24, 18, 14, 19, 13, 25, 10, 12, 7, 11, 8, 5, 26, 0, 1, 21, 4]
[2021-12-09 11:31:46] Epoch  4075: Fit value = -505.2952357568347, HistBest = -505.2952357568347, Individual = [15, 28, 23, 9, 17, 6, 29, 22, 27, 20, 2, 16, 3, 24, 18, 14, 19, 13, 25, 10, 12, 7, 11, 8, 5, 26, 0, 1, 21, 4]
[2021-12-09 11:31:48] Epoch  4100: Fit value = -505.2952357568347, HistBest = -505.2952357568347, Individual = [15, 28, 23, 9, 17, 6, 29, 22, 27, 20, 2, 16, 3, 24, 18, 14, 19, 13, 25, 10, 12, 7, 11, 8, 5, 26, 0, 1, 21, 4]
[2021-12-09 11:31:49] Epoch  4125: Fit value = -505.2952357568347, HistBest = -505.2952357568347, Individual = [15, 28, 23, 9, 17, 6, 29, 22, 27, 20, 2, 16, 3, 24, 18, 14, 19, 13, 25, 10, 12, 7, 11, 8, 5, 26, 0, 1, 21, 4]
[2021-12-09 11:31:51] Epoch  4150: Fit value = -505.2952357568347, HistBest = -505.2952357568347, Individual = [15, 28, 23, 9, 17, 6, 29, 22, 27, 20, 2, 16, 3, 24, 18, 14, 19, 13, 25, 10, 12, 7, 11, 8, 5, 26, 0, 1, 21, 4]
[2021-12-09 11:31:53] Epoch  4175: Fit value = -534.4193862100218, HistBest = -496.77911759357653, Individual = [15, 28, 23, 9, 17, 6, 29, 22, 20, 27, 2, 16, 3, 24, 18, 14, 19, 13, 25, 10, 12, 7, 11, 8, 5, 26, 0, 1, 21, 4]
[2021-12-09 11:31:54] Epoch  4200: Fit value = -496.77911759357653, HistBest = -496.77911759357653, Individual = [15, 28, 23, 9, 17, 6, 29, 22, 20, 27, 2, 16, 3, 24, 18, 14, 19, 13, 25, 10, 12, 7, 11, 8, 5, 26, 0, 1, 21, 4]
[2021-12-09 11:31:56] Epoch  4225: Fit value = -496.77911759357653, HistBest = -496.77911759357653, Individual = [15, 28, 23, 9, 17, 6, 29, 22, 20, 27, 2, 16, 3, 24, 18, 14, 19, 13, 25, 10, 12, 7, 11, 8, 5, 26, 0, 1, 21, 4]
[2021-12-09 11:31:58] Epoch  4250: Fit value = -496.77911759357653, HistBest = -496.77911759357653, Individual = [15, 28, 23, 9, 17, 6, 29, 22, 20, 27, 2, 16, 3, 24, 18, 14, 19, 13, 25, 10, 12, 7, 11, 8, 5, 26, 0, 1, 21, 4]
[2021-12-09 11:31:59] Epoch  4275: Fit value = -496.77911759357653, HistBest = -496.77911759357653, Individual = [15, 28, 23, 9, 17, 6, 29, 22, 20, 27, 2, 16, 3, 24, 18, 14, 19, 13, 25, 10, 12, 7, 11, 8, 5, 26, 0, 1, 21, 4]
[2021-12-09 11:32:01] Epoch  4300: Fit value = -496.77911759357653, HistBest = -496.77911759357653, Individual = [15, 28, 23, 9, 17, 6, 29, 22, 20, 27, 2, 16, 3, 24, 18, 14, 19, 13, 25, 10, 12, 7, 11, 8, 5, 26, 0, 1, 21, 4]
[2021-12-09 11:32:03] Epoch  4325: Fit value = -538.5689384256644, HistBest = -496.77911759357653, Individual = [15, 28, 23, 9, 17, 6, 29, 22, 20, 27, 2, 16, 3, 24, 18, 14, 19, 13, 25, 10, 12, 7, 11, 8, 5, 26, 0, 1, 21, 4]
[2021-12-09 11:32:05] Epoch  4350: Fit value = -496.77911759357653, HistBest = -496.77911759357653, Individual = [15, 28, 23, 9, 17, 6, 29, 22, 20, 27, 2, 16, 3, 24, 18, 14, 19, 13, 25, 10, 12, 7, 11, 8, 5, 26, 0, 1, 21, 4]
[2021-12-09 11:32:06] Epoch  4375: Fit value = -496.77911759357653, HistBest = -496.77911759357653, Individual = [15, 28, 23, 9, 17, 6, 29, 22, 20, 27, 2, 16, 3, 24, 18, 14, 19, 13, 25, 10, 12, 7, 11, 8, 5, 26, 0, 1, 21, 4]
[2021-12-09 11:32:08] Epoch  4400: Fit value = -496.77911759357653, HistBest = -496.77911759357653, Individual = [15, 28, 23, 9, 17, 6, 29, 22, 20, 27, 2, 16, 3, 24, 18, 14, 19, 13, 25, 10, 12, 7, 11, 8, 5, 26, 0, 1, 21, 4]
[2021-12-09 11:32:10] Epoch  4425: Fit value = -496.77911759357653, HistBest = -496.77911759357653, Individual = [15, 28, 23, 9, 17, 6, 29, 22, 20, 27, 2, 16, 3, 24, 18, 14, 19, 13, 25, 10, 12, 7, 11, 8, 5, 26, 0, 1, 21, 4]
[2021-12-09 11:32:11] Epoch  4450: Fit value = -496.77911759357653, HistBest = -496.77911759357653, Individual = [15, 28, 23, 9, 17, 6, 29, 22, 20, 27, 2, 16, 3, 24, 18, 14, 19, 13, 25, 10, 12, 7, 11, 8, 5, 26, 0, 1, 21, 4]
[2021-12-09 11:32:13] Epoch  4475: Fit value = -540.5024343704523, HistBest = -496.77911759357653, Individual = [15, 28, 23, 9, 17, 6, 29, 22, 20, 27, 2, 16, 3, 24, 18, 14, 19, 13, 25, 10, 12, 7, 11, 8, 5, 26, 0, 1, 21, 4]
[2021-12-09 11:32:15] Epoch  4500: Fit value = -640.068474211261, HistBest = -496.77911759357653, Individual = [15, 28, 23, 9, 17, 6, 29, 22, 20, 27, 2, 16, 3, 24, 18, 14, 19, 13, 25, 10, 12, 7, 11, 8, 5, 26, 0, 1, 21, 4]
[2021-12-09 11:32:16] Epoch  4525: Fit value = -496.77911759357653, HistBest = -496.77911759357653, Individual = [15, 28, 23, 9, 17, 6, 29, 22, 20, 27, 2, 16, 3, 24, 18, 14, 19, 13, 25, 10, 12, 7, 11, 8, 5, 26, 0, 1, 21, 4]
[2021-12-09 11:32:18] Epoch  4550: Fit value = -496.77911759357653, HistBest = -496.77911759357653, Individual = [15, 28, 23, 9, 17, 6, 29, 22, 20, 27, 2, 16, 3, 24, 18, 14, 19, 13, 25, 10, 12, 7, 11, 8, 5, 26, 0, 1, 21, 4]
[2021-12-09 11:32:20] Epoch  4575: Fit value = -496.77911759357653, HistBest = -496.77911759357653, Individual = [15, 28, 23, 9, 17, 6, 29, 22, 20, 27, 2, 16, 3, 24, 18, 14, 19, 13, 25, 10, 12, 7, 11, 8, 5, 26, 0, 1, 21, 4]
[2021-12-09 11:32:21] Epoch  4600: Fit value = -507.90883499022647, HistBest = -496.77911759357653, Individual = [15, 28, 23, 9, 17, 6, 29, 22, 20, 27, 2, 16, 3, 24, 18, 14, 19, 13, 25, 10, 12, 7, 11, 8, 5, 26, 0, 1, 21, 4]
[2021-12-09 11:32:23] Epoch  4625: Fit value = -580.2277197979688, HistBest = -496.77911759357653, Individual = [15, 28, 23, 9, 17, 6, 29, 22, 20, 27, 2, 16, 3, 24, 18, 14, 19, 13, 25, 10, 12, 7, 11, 8, 5, 26, 0, 1, 21, 4]
[2021-12-09 11:32:25] Epoch  4650: Fit value = -496.77911759357653, HistBest = -496.77911759357653, Individual = [15, 28, 23, 9, 17, 6, 29, 22, 20, 27, 2, 16, 3, 24, 18, 14, 19, 13, 25, 10, 12, 7, 11, 8, 5, 26, 0, 1, 21, 4]
[2021-12-09 11:32:27] Epoch  4675: Fit value = -496.77911759357653, HistBest = -496.77911759357653, Individual = [15, 28, 23, 9, 17, 6, 29, 22, 20, 27, 2, 16, 3, 24, 18, 14, 19, 13, 25, 10, 12, 7, 11, 8, 5, 26, 0, 1, 21, 4]
[2021-12-09 11:32:28] Epoch  4700: Fit value = -496.77911759357653, HistBest = -496.77911759357653, Individual = [15, 28, 23, 9, 17, 6, 29, 22, 20, 27, 2, 16, 3, 24, 18, 14, 19, 13, 25, 10, 12, 7, 11, 8, 5, 26, 0, 1, 21, 4]
[2021-12-09 11:32:30] Epoch  4725: Fit value = -496.77911759357653, HistBest = -496.77911759357653, Individual = [15, 28, 23, 9, 17, 6, 29, 22, 20, 27, 2, 16, 3, 24, 18, 14, 19, 13, 25, 10, 12, 7, 11, 8, 5, 26, 0, 1, 21, 4]
[2021-12-09 11:32:32] Epoch  4750: Fit value = -496.77911759357653, HistBest = -496.77911759357653, Individual = [15, 28, 23, 9, 17, 6, 29, 22, 20, 27, 2, 16, 3, 24, 18, 14, 19, 13, 25, 10, 12, 7, 11, 8, 5, 26, 0, 1, 21, 4]
[2021-12-09 11:32:33] Epoch  4775: Fit value = -730.1882261037917, HistBest = -496.77911759357653, Individual = [15, 28, 23, 9, 17, 6, 29, 22, 20, 27, 2, 16, 3, 24, 18, 14, 19, 13, 25, 10, 12, 7, 11, 8, 5, 26, 0, 1, 21, 4]
[2021-12-09 11:32:35] Epoch  4800: Fit value = -560.0568402175319, HistBest = -496.77911759357653, Individual = [15, 28, 23, 9, 17, 6, 29, 22, 20, 27, 2, 16, 3, 24, 18, 14, 19, 13, 25, 10, 12, 7, 11, 8, 5, 26, 0, 1, 21, 4]
[2021-12-09 11:32:37] Epoch  4825: Fit value = -564.3565181102113, HistBest = -496.77911759357653, Individual = [15, 28, 23, 9, 17, 6, 29, 22, 20, 27, 2, 16, 3, 24, 18, 14, 19, 13, 25, 10, 12, 7, 11, 8, 5, 26, 0, 1, 21, 4]
[2021-12-09 11:32:38] Epoch  4850: Fit value = -496.77911759357653, HistBest = -496.77911759357653, Individual = [15, 28, 23, 9, 17, 6, 29, 22, 20, 27, 2, 16, 3, 24, 18, 14, 19, 13, 25, 10, 12, 7, 11, 8, 5, 26, 0, 1, 21, 4]
[2021-12-09 11:32:40] Epoch  4875: Fit value = -496.77911759357653, HistBest = -496.77911759357653, Individual = [15, 28, 23, 9, 17, 6, 29, 22, 20, 27, 2, 16, 3, 24, 18, 14, 19, 13, 25, 10, 12, 7, 11, 8, 5, 26, 0, 1, 21, 4]
[2021-12-09 11:32:42] Epoch  4900: Fit value = -523.3470904729003, HistBest = -496.77911759357653, Individual = [15, 28, 23, 9, 17, 6, 29, 22, 20, 27, 2, 16, 3, 24, 18, 14, 19, 13, 25, 10, 12, 7, 11, 8, 5, 26, 0, 1, 21, 4]
[2021-12-09 11:32:43] Epoch  4925: Fit value = -496.77911759357653, HistBest = -496.77911759357653, Individual = [15, 28, 23, 9, 17, 6, 29, 22, 20, 27, 2, 16, 3, 24, 18, 14, 19, 13, 25, 10, 12, 7, 11, 8, 5, 26, 0, 1, 21, 4]
[2021-12-09 11:32:45] Epoch  4950: Fit value = -631.1244807441785, HistBest = -496.77911759357653, Individual = [15, 28, 23, 9, 17, 6, 29, 22, 20, 27, 2, 16, 3, 24, 18, 14, 19, 13, 25, 10, 12, 7, 11, 8, 5, 26, 0, 1, 21, 4]
[2021-12-09 11:32:47] Epoch  4975: Fit value = -496.77911759357653, HistBest = -496.77911759357653, Individual = [15, 28, 23, 9, 17, 6, 29, 22, 20, 27, 2, 16, 3, 24, 18, 14, 19, 13, 25, 10, 12, 7, 11, 8, 5, 26, 0, 1, 21, 4]
[2021-12-09 11:32:48] Final Result: Stop epoch = 5000, Fit = -546.2750270535018, HistBest = -496.77911759357653
